W:\Coding\AA_valorantteamthoughts\vctyearlythoughts\.next\dev\server\chunks\ssr\a62dc_drizzle-orm_7a49e883._.js: Invalid source map. Only conformant source maps can be used to find the original code. Cause: Error: sourceMapURL could not be parsed
W:\Coding\AA_valorantteamthoughts\vctyearlythoughts\.next\dev\server\chunks\ssr\[root-of-the-server]__ca8507e9._.js: Invalid source map. Only conformant source maps can be used to find the original code. Cause: Error: sourceMapURL could not be parsed
W:\Coding\AA_valorantteamthoughts\vctyearlythoughts\node_modules\next\dist\compiled\next-server\app-page-turbo.runtime.dev.js: Invalid source map. Only conformant source maps can be used to find the original code. Cause: Error: sourceMapURL could not be parsed
W:\Coding\AA_valorantteamthoughts\vctyearlythoughts\.next\dev\server\chunks\ssr\a62dc_next_dist_8ab4e64a._.js: Invalid source map. Only conformant source maps can be used to find the original code. Cause: Error: sourceMapURL could not be parsed
W:\Coding\AA_valorantteamthoughts\vctyearlythoughts\node_modules\next\dist\server\base-server.js: Invalid source map. Only conformant source maps can be used to find the original code. Cause: Error: sourceMapURL could not be parsed
W:\Coding\AA_valorantteamthoughts\vctyearlythoughts\node_modules\next\dist\server\next-server.js: Invalid source map. Only conformant source maps can be used to find the original code. Cause: Error: sourceMapURL could not be parsed
W:\Coding\AA_valorantteamthoughts\vctyearlythoughts\node_modules\next\dist\server\dev\next-dev-server.js: Invalid source map. Only conformant source maps can be used to find the original code. Cause: Error: sourceMapURL could not be parsed
W:\Coding\AA_valorantteamthoughts\vctyearlythoughts\node_modules\next\dist\trace\trace.js: Invalid source map. Only conformant source maps can be used to find the original code. Cause: Error: sourceMapURL could not be parsed
W:\Coding\AA_valorantteamthoughts\vctyearlythoughts\node_modules\next\dist\server\lib\router-server.js: Invalid source map. Only conformant source maps can be used to find the original code. Cause: Error: sourceMapURL could not be parsed
W:\Coding\AA_valorantteamthoughts\vctyearlythoughts\node_modules\next\dist\server\lib\start-server.js: Invalid source map. Only conformant source maps can be used to find the original code. Cause: Error: sourceMapURL could not be parsed
W:\Coding\AA_valorantteamthoughts\vctyearlythoughts\.next\dev\server\chunks\ssr\a62dc_drizzle-orm_7a49e883._.js: Invalid source map. Only conformant source maps can be used to find the original code. Cause: Error: sourceMapURL could not be parsed
W:\Coding\AA_valorantteamthoughts\vctyearlythoughts\.next\dev\server\chunks\ssr\[root-of-the-server]__ca8507e9._.js: Invalid source map. Only conformant source maps can be used to find the original code. Cause: Error: sourceMapURL could not be parsed
W:\Coding\AA_valorantteamthoughts\vctyearlythoughts\node_modules\next\dist\compiled\next-server\app-page-turbo.runtime.dev.js: Invalid source map. Only conformant source maps can be used to find the original code. Cause: Error: sourceMapURL could not be parsed
W:\Coding\AA_valorantteamthoughts\vctyearlythoughts\.next\dev\server\chunks\ssr\a62dc_next_dist_8ab4e64a._.js: Invalid source map. Only conformant source maps can be used to find the original code. Cause: Error: sourceMapURL could not be parsed
W:\Coding\AA_valorantteamthoughts\vctyearlythoughts\node_modules\next\dist\server\base-server.js: Invalid source map. Only conformant source maps can be used to find the original code. Cause: Error: sourceMapURL could not be parsed
W:\Coding\AA_valorantteamthoughts\vctyearlythoughts\node_modules\next\dist\server\next-server.js: Invalid source map. Only conformant source maps can be used to find the original code. Cause: Error: sourceMapURL could not be parsed
W:\Coding\AA_valorantteamthoughts\vctyearlythoughts\node_modules\next\dist\server\dev\next-dev-server.js: Invalid source map. Only conformant source maps can be used to find the original code. Cause: Error: sourceMapURL could not be parsed
W:\Coding\AA_valorantteamthoughts\vctyearlythoughts\node_modules\next\dist\trace\trace.js: Invalid source map. Only conformant source maps can be used to find the original code. Cause: Error: sourceMapURL could not be parsed
W:\Coding\AA_valorantteamthoughts\vctyearlythoughts\node_modules\next\dist\server\lib\router-server.js: Invalid source map. Only conformant source maps can be used to find the original code. Cause: Error: sourceMapURL could not be parsed
W:\Coding\AA_valorantteamthoughts\vctyearlythoughts\node_modules\next\dist\server\lib\start-server.js: Invalid source map. Only conformant source maps can be used to find the original code. Cause: Error: sourceMapURL could not be parsed
Failed to add comment: Error: Failed query: update "prediction" set "commentCount" = commentCount + 1 where "prediction"."id" = ?
params: 6f967669-54ed-4c02-823d-b50ab222fedf
    at LibSQLPreparedQuery.queryWithCache (W:\Coding\AA_valorantteamthoughts\vctyearlythoughts\.next\dev\server\chunks\ssr\a62dc_drizzle-orm_7a49e883._.js:17058:23)
    at async LibSQLPreparedQuery.run (W:\Coding\AA_valorantteamthoughts\vctyearlythoughts\.next\dev\server\chunks\ssr\a62dc_drizzle-orm_7a49e883._.js:17328:16)
    at async addComment (W:\Coding\AA_valorantteamthoughts\vctyearlythoughts\.next\dev\server\chunks\ssr\[root-of-the-server]__ca8507e9._.js:1717:9)
    at async doRender (W:\Coding\AA_valorantteamthoughts\vctyearlythoughts\.next\dev\server\chunks\ssr\a62dc_next_dist_8ab4e64a._.js:8174:28)
    at async handleResponse (W:\Coding\AA_valorantteamthoughts\vctyearlythoughts\.next\dev\server\chunks\ssr\a62dc_next_dist_8ab4e64a._.js:8380:32)
    at async handler (W:\Coding\AA_valorantteamthoughts\vctyearlythoughts\.next\dev\server\chunks\ssr\a62dc_next_dist_8ab4e64a._.js:8751:20) {
  query: 'update "prediction" set "commentCount" = commentCount + 1 where "prediction"."id" = ?',
  params: [Array],
  [cause]: Error [LibsqlError]: SQLITE_CONSTRAINT: SQLite error: NOT NULL constraint failed: prediction.commentCount
      at async LibSQLPreparedQuery.queryWithCache (W:\Coding\AA_valorantteamthoughts\vctyearlythoughts\.next\dev\server\chunks\ssr\a62dc_drizzle-orm_7a49e883._.js:17056:24)
      at async LibSQLPreparedQuery.run (W:\Coding\AA_valorantteamthoughts\vctyearlythoughts\.next\dev\server\chunks\ssr\a62dc_drizzle-orm_7a49e883._.js:17328:16)
      at async addComment (W:\Coding\AA_valorantteamthoughts\vctyearlythoughts\.next\dev\server\chunks\ssr\[root-of-the-server]__ca8507e9._.js:1717:9)
      at async doRender (W:\Coding\AA_valorantteamthoughts\vctyearlythoughts\.next\dev\server\chunks\ssr\a62dc_next_dist_8ab4e64a._.js:8174:28)
      at async handleResponse (W:\Coding\AA_valorantteamthoughts\vctyearlythoughts\.next\dev\server\chunks\ssr\a62dc_next_dist_8ab4e64a._.js:8380:32)
      at async handler (W:\Coding\AA_valorantteamthoughts\vctyearlythoughts\.next\dev\server\chunks\ssr\a62dc_next_dist_8ab4e64a._.js:8751:20) {
    code: 'SQLITE_CONSTRAINT',
    rawCode: undefined,
    [cause]: [Error [ResponseError]: SQLite error: NOT NULL constraint failed: prediction.commentCount] {
      code: 'SQLITE_CONSTRAINT',
      proto: {
        message: 'SQLite error: NOT NULL constraint failed: prediction.commentCount',
        code: 'SQLITE_CONSTRAINT'
      }
    }
  }
}
W:\Coding\AA_valorantteamthoughts\vctyearlythoughts\.next\dev\server\chunks\ssr\[root-of-the-server]__ca8507e9._.js: Invalid source map. Only conformant source maps can be used to find the original code. Cause: Error: sourceMapURL could not be parsed
W:\Coding\AA_valorantteamthoughts\vctyearlythoughts\node_modules\next\dist\compiled\next-server\app-page-turbo.runtime.dev.js: Invalid source map. Only conformant source maps can be used to find the original code. Cause: Error: sourceMapURL could not be parsed
W:\Coding\AA_valorantteamthoughts\vctyearlythoughts\.next\dev\server\chunks\ssr\a62dc_next_dist_8ab4e64a._.js: Invalid source map. Only conformant source maps can be used to find the original code. Cause: Error: sourceMapURL could not be parsed
W:\Coding\AA_valorantteamthoughts\vctyearlythoughts\node_modules\next\dist\server\base-server.js: Invalid source map. Only conformant source maps can be used to find the original code. Cause: Error: sourceMapURL could not be parsed
W:\Coding\AA_valorantteamthoughts\vctyearlythoughts\node_modules\next\dist\server\next-server.js: Invalid source map. Only conformant source maps can be used to find the original code. Cause: Error: sourceMapURL could not be parsed
W:\Coding\AA_valorantteamthoughts\vctyearlythoughts\node_modules\next\dist\server\dev\next-dev-server.js: Invalid source map. Only conformant source maps can be used to find the original code. Cause: Error: sourceMapURL could not be parsed
W:\Coding\AA_valorantteamthoughts\vctyearlythoughts\node_modules\next\dist\trace\trace.js: Invalid source map. Only conformant source maps can be used to find the original code. Cause: Error: sourceMapURL could not be parsed
W:\Coding\AA_valorantteamthoughts\vctyearlythoughts\node_modules\next\dist\server\lib\router-server.js: Invalid source map. Only conformant source maps can be used to find the original code. Cause: Error: sourceMapURL could not be parsed
W:\Coding\AA_valorantteamthoughts\vctyearlythoughts\node_modules\next\dist\server\lib\start-server.js: Invalid source map. Only conformant source maps can be used to find the original code. Cause: Error: sourceMapURL could not be parsed
 тип Error: Failed to add comment
    at addComment (W:\Coding\AA_valorantteamthoughts\vctyearlythoughts\.next\dev\server\chunks\ssr\[root-of-the-server]__ca8507e9._.js:1723:15)
    at async doRender (W:\Coding\AA_valorantteamthoughts\vctyearlythoughts\.next\dev\server\chunks\ssr\a62dc_next_dist_8ab4e64a._.js:8174:28)
    at async handleResponse (W:\Coding\AA_valorantteamthoughts\vctyearlythoughts\.next\dev\server\chunks\ssr\a62dc_next_dist_8ab4e64a._.js:8380:32)
    at async handler (W:\Coding\AA_valorantteamthoughts\vctyearlythoughts\.next\dev\server\chunks\ssr\a62dc_next_dist_8ab4e64a._.js:8751:20) {
  digest: '1069845207'
}
 POST /feed/post/liamo28-predicts-xlg-vazw 500 in 1821ms (compile: 16ms, render: 1805ms)
